<?xml version="1.0" encoding="UTF-8"?>
<testng-results ignored="0" total="2" passed="2" failed="0" skipped="0">
  <reporter-output>
  </reporter-output>
  <suite started-at="2023-10-05T22:01:21 EDT" name="Default suite" finished-at="2023-10-05T22:02:08 EDT" duration-ms="47115">
    <groups>
    </groups>
    <test started-at="2023-10-05T22:01:21 EDT" name="Default test" finished-at="2023-10-05T22:02:08 EDT" duration-ms="47115">
      <class name="com.facebook.baseLoginTest.LoginTest">
        <test-method is-config="true" signature="openApp()[pri:0, instance:com.facebook.baseLoginTest.LoginTest@65fb9ffc]" started-at="2023-10-05T22:01:21 EDT" name="openApp" finished-at="2023-10-05T22:01:45 EDT" duration-ms="23953" status="PASS">
          <reporter-output>
          </reporter-output>
        </test-method> <!-- openApp -->
        <test-method signature="closeApp()[pri:0, instance:com.facebook.baseLoginTest.LoginTest@65fb9ffc]" started-at="2023-10-05T22:01:45 EDT" name="closeApp" finished-at="2023-10-05T22:01:47 EDT" duration-ms="1419" status="PASS">
          <reporter-output>
          </reporter-output>
        </test-method> <!-- closeApp -->
        <test-method is-config="true" signature="openApp()[pri:0, instance:com.facebook.baseLoginTest.LoginTest@65fb9ffc]" started-at="2023-10-05T22:01:47 EDT" name="openApp" finished-at="2023-10-05T22:02:08 EDT" duration-ms="20983" status="PASS">
          <reporter-output>
          </reporter-output>
        </test-method> <!-- openApp -->
        <test-method signature="validLoginTest()[pri:0, instance:com.facebook.baseLoginTest.LoginTest@65fb9ffc]" started-at="2023-10-05T22:02:08 EDT" name="validLoginTest" finished-at="2023-10-05T22:02:08 EDT" duration-ms="572" status="PASS">
          <reporter-output>
          </reporter-output>
        </test-method> <!-- validLoginTest -->
      </class> <!-- com.facebook.baseLoginTest.LoginTest -->
    </test> <!-- Default test -->
  </suite> <!-- Default suite -->
</testng-results>
